INFO:root:RPiSecCam by Andy Lincoln
DEBUG:root:Booting controllers
DEBUG:pykka:Registered NotificationController (urn:uuid:a7d9d3ac-752e-4b33-a3ab-7bb4822514a6)
DEBUG:pykka:Starting NotificationController (urn:uuid:a7d9d3ac-752e-4b33-a3ab-7bb4822514a6)
DEBUG:pykka:Registered LightController (urn:uuid:0328ad13-152f-46e4-9d9d-831c5e69c4e2)
DEBUG:pykka:Starting LightController (urn:uuid:0328ad13-152f-46e4-9d9d-831c5e69c4e2)
DEBUG:pykka:Registered MotionController (urn:uuid:995be954-e00b-4fa5-8379-028440949a83)
DEBUG:pykka:Starting MotionController (urn:uuid:995be954-e00b-4fa5-8379-028440949a83)
DEBUG:root:Checking if armed
DEBUG:root:Found nothing, going to sleep
DEBUG:root:Checking if armed
DEBUG:root:Found nothing, going to sleep
DEBUG:root:Checking if armed
DEBUG:root:Found nothing, going to sleep
DEBUG:root:Checking if armed
DEBUG:root:Found nothing, going to sleep
DEBUG:root:Checking if armed
DEBUG:root:Found nothing, going to sleep
DEBUG:root:Checking if armed
DEBUG:root:Found nothing, going to sleep
DEBUG:root:Checking if armed
DEBUG:root:Found nothing, going to sleep
DEBUG:root:Checking if armed
DEBUG:root:Found nothing, going to sleep
DEBUG:root:Checking if armed
DEBUG:root:Found nothing, going to sleep
DEBUG:root:Checking if armed
DEBUG:root:Found nothing, going to sleep
DEBUG:root:Checking if armed
DEBUG:root:Found nothing, going to sleep
DEBUG:root:Checking if armed
DEBUG:root:Found nothing, going to sleep
DEBUG:root:Checking if armed
DEBUG:root:Found nothing, going to sleep
DEBUG:root:Checking if armed
DEBUG:root:Found nothing, going to sleep
DEBUG:root:Checking if armed
DEBUG:root:Found nothing, going to sleep
DEBUG:root:Checking if armed
DEBUG:root:Found nothing, going to sleep
DEBUG:root:Checking if armed
DEBUG:root:Found nothing, going to sleep
DEBUG:root:Checking if armed
DEBUG:root:Found nothing, going to sleep
DEBUG:root:Checking if armed
DEBUG:root:Found nothing, going to sleep
DEBUG:root:Checking if armed
DEBUG:root:Found nothing, going to sleep
DEBUG:root:Checking if armed
DEBUG:root:Found nothing, going to sleep
DEBUG:root:Checking if armed
DEBUG:root:Found nothing, going to sleep
DEBUG:root:Checking if armed
DEBUG:root:Found nothing, going to sleep
DEBUG:root:Checking if armed
DEBUG:root:Found nothing, going to sleep
DEBUG:root:Checking if armed
DEBUG:root:Found nothing, going to sleep
DEBUG:root:Checking if armed
DEBUG:root:Found nothing, going to sleep
DEBUG:root:Checking if armed
DEBUG:root:Found nothing, going to sleep
DEBUG:pykka:Unregistered LightController (urn:uuid:0328ad13-152f-46e4-9d9d-831c5e69c4e2)
DEBUG:pykka:Stopped LightController (urn:uuid:0328ad13-152f-46e4-9d9d-831c5e69c4e2)
DEBUG:pykka:Unregistered MotionController (urn:uuid:995be954-e00b-4fa5-8379-028440949a83)
DEBUG:pykka:Stopped MotionController (urn:uuid:995be954-e00b-4fa5-8379-028440949a83)
DEBUG:pykka:Unregistered NotificationController (urn:uuid:a7d9d3ac-752e-4b33-a3ab-7bb4822514a6)
DEBUG:pykka:Stopped NotificationController (urn:uuid:a7d9d3ac-752e-4b33-a3ab-7bb4822514a6)
